2015-02-20 11:23:12,489  WARN [main] - org.scala-ide.sdt.core - org.scala-ide.sdt.core - org.scala-ide.sdt.core - 0 - Preference scala.compiler.sourceLevel was uninitialized for scalashop, setting default to 2.11.
2015-02-20 11:23:12,491  WARN [main] - org.scala-ide.sdt.core - org.scala-ide.sdt.core - org.scala-ide.sdt.core - 0 - Preference scala.compiler.installation was uninitialized for scalashop, setting default to 2.11.
2015-02-20 11:24:20,091  WARN [main] - org.scala-ide.sdt.core - org.scala-ide.sdt.core - org.scala-ide.sdt.core - 0 - Preference scala.compiler.sourceLevel was uninitialized for scalashop, setting default to 2.11.
2015-02-20 11:24:20,093  WARN [main] - org.scala-ide.sdt.core - org.scala-ide.sdt.core - org.scala-ide.sdt.core - 0 - Preference scala.compiler.installation was uninitialized for scalashop, setting default to 2.11.
2015-02-20 11:28:12,352  WARN [ModalContext] - ScalaProject - Project scalashop has platform default sourceLevel.
2015-02-20 11:28:12,353  WARN [ModalContext] - ScalaProject - Project scalashop runs on platform default installation.
2015-02-20 11:30:03,841  WARN [ModalContext] - ScalaProject - Project scalashop has platform default sourceLevel.
2015-02-20 11:30:03,850  WARN [ModalContext] - ScalaProject - Project scalashop runs on platform default installation.
2015-02-20 11:40:36,634  WARN [ModalContext] - ScalaProject - Project scalashop has platform default sourceLevel.
2015-02-20 11:40:36,642  WARN [ModalContext] - ScalaProject - Project scalashop runs on platform default installation.
2015-02-20 14:54:49,705 ERROR [Text Viewer Hover Presenter] - IScalaPresentationCompiler$ - Ignoring InterruptException
2015-02-20 14:54:49,705 ERROR [Text Viewer Hover Presenter] - IScalaPresentationCompiler$ - Ignoring InterruptException
2015-02-20 15:05:05,613 ERROR [Text Viewer Hover Presenter] - IScalaPresentationCompiler$ - Ignoring InterruptException
2015-02-20 15:05:05,614 ERROR [Text Viewer Hover Presenter] - IScalaPresentationCompiler$ - Ignoring InterruptException
2015-02-20 15:05:05,614 ERROR [Text Viewer Hover Presenter] - IScalaPresentationCompiler$ - Ignoring InterruptException
2015-02-20 15:23:39,544 ERROR [Text Viewer Hover Presenter] - IScalaPresentationCompiler$ - Ignoring InterruptException
2015-02-20 15:23:39,545 ERROR [Text Viewer Hover Presenter] - IScalaPresentationCompiler$ - Ignoring InterruptException
2015-02-20 15:23:39,545 ERROR [Text Viewer Hover Presenter] - IScalaPresentationCompiler$ - Ignoring InterruptException
2015-02-20 15:28:14,170 ERROR [Text Viewer Hover Presenter] - IScalaPresentationCompiler$ - Ignoring InterruptException
2015-02-20 15:28:14,171 ERROR [Text Viewer Hover Presenter] - IScalaPresentationCompiler$ - Ignoring InterruptException
2015-02-20 15:28:14,171 ERROR [Text Viewer Hover Presenter] - IScalaPresentationCompiler$ - Ignoring InterruptException
2015-02-20 15:33:09,896 ERROR [Text Viewer Hover Presenter] - IScalaPresentationCompiler$ - Ignoring InterruptException
2015-02-20 15:33:09,896 ERROR [Text Viewer Hover Presenter] - IScalaPresentationCompiler$ - Ignoring InterruptException
2015-02-20 15:33:09,896 ERROR [Text Viewer Hover Presenter] - IScalaPresentationCompiler$ - Ignoring InterruptException
2015-02-20 15:40:10,261 ERROR [Text Viewer Hover Presenter] - IScalaPresentationCompiler$ - Ignoring InterruptException
2015-02-20 15:43:59,975 ERROR [Text Viewer Hover Presenter] - IScalaPresentationCompiler$ - Ignoring InterruptException
2015-02-20 15:43:59,975 ERROR [Text Viewer Hover Presenter] - IScalaPresentationCompiler$ - Ignoring InterruptException
2015-02-20 15:43:59,975 ERROR [Text Viewer Hover Presenter] - IScalaPresentationCompiler$ - Ignoring InterruptException
2015-02-20 16:05:31,234 ERROR [Text Viewer Hover Presenter] - IScalaPresentationCompiler$ - Ignoring InterruptException
2015-02-20 16:05:31,351 ERROR [Text Viewer Hover Presenter] - IScalaPresentationCompiler$ - Ignoring InterruptException
2015-02-20 16:05:31,351 ERROR [Text Viewer Hover Presenter] - IScalaPresentationCompiler$ - Ignoring InterruptException
2015-02-20 16:05:31,351 ERROR [Text Viewer Hover Presenter] - IScalaPresentationCompiler$ - Ignoring InterruptException
2015-02-20 16:06:28,992 ERROR [Text Viewer Hover Presenter] - IScalaPresentationCompiler$ - Ignoring InterruptException
2015-02-20 16:06:28,992 ERROR [Text Viewer Hover Presenter] - IScalaPresentationCompiler$ - Ignoring InterruptException
2015-02-20 16:06:28,993 ERROR [Text Viewer Hover Presenter] - IScalaPresentationCompiler$ - Ignoring InterruptException
2015-02-20 16:06:52,539 ERROR [Text Viewer Hover Presenter] - IScalaPresentationCompiler$ - Ignoring InterruptException
2015-02-20 16:06:52,540 ERROR [Text Viewer Hover Presenter] - IScalaPresentationCompiler$ - Ignoring InterruptException
2015-02-20 16:06:52,540 ERROR [Text Viewer Hover Presenter] - IScalaPresentationCompiler$ - Ignoring InterruptException
2015-02-20 16:07:42,590 ERROR [Text Viewer Hover Presenter] - IScalaPresentationCompiler$ - Ignoring InterruptException
2015-02-20 16:07:42,591 ERROR [Text Viewer Hover Presenter] - IScalaPresentationCompiler$ - Ignoring InterruptException
2015-02-20 16:07:42,591 ERROR [Text Viewer Hover Presenter] - IScalaPresentationCompiler$ - Ignoring InterruptException
2015-02-20 16:10:24,479 ERROR [Text Viewer Hover Presenter] - IScalaPresentationCompiler$ - Ignoring InterruptException
2015-02-20 16:10:24,479 ERROR [Text Viewer Hover Presenter] - IScalaPresentationCompiler$ - Ignoring InterruptException
2015-02-20 16:10:24,479 ERROR [Text Viewer Hover Presenter] - IScalaPresentationCompiler$ - Ignoring InterruptException
2015-02-20 16:14:07,634 ERROR [Worker-84] - System.err - SLF4J: Failed to load class "org.slf4j.impl.StaticLoggerBinder".
2015-02-20 16:14:07,635 ERROR [Worker-84] - System.err - SLF4J: Defaulting to no-operation (NOP) logger implementation
2015-02-20 16:14:07,635 ERROR [Worker-84] - System.err - SLF4J: See http://www.slf4j.org/codes.html#StaticLoggerBinder for further details.
2015-02-24 17:30:53,533  WARN [main] - org.scala-ide.sdt.core - org.scala-ide.sdt.core - org.scala-ide.sdt.core - 0 - Preference scala.compiler.sourceLevel was uninitialized for scalashop, setting default to 2.11.
2015-02-24 17:30:53,543  WARN [main] - org.scala-ide.sdt.core - org.scala-ide.sdt.core - org.scala-ide.sdt.core - 0 - Preference scala.compiler.installation was uninitialized for scalashop, setting default to 2.11.
2015-02-27 11:42:26,712  WARN [ModalContext] - ScalaProject - Project reductions has platform default sourceLevel.
2015-02-27 11:42:26,717  WARN [ModalContext] - ScalaProject - Project reductions runs on platform default installation.
2015-02-27 12:12:11,470 ERROR [Worker-170] - System.err - SLF4J: Failed to load class "org.slf4j.impl.StaticLoggerBinder".
2015-02-27 12:12:11,470 ERROR [Worker-170] - System.err - SLF4J: Defaulting to no-operation (NOP) logger implementation
2015-02-27 12:12:11,470 ERROR [Worker-170] - System.err - SLF4J: See http://www.slf4j.org/codes.html#StaticLoggerBinder for further details.
2015-02-27 16:40:45,155 ERROR [Text Viewer Hover Presenter] - IScalaPresentationCompiler$ - Ignoring InterruptException
2015-02-27 16:40:45,658 ERROR [Text Viewer Hover Presenter] - IScalaPresentationCompiler$ - Ignoring InterruptException
2015-02-27 16:40:45,659 ERROR [Text Viewer Hover Presenter] - IScalaPresentationCompiler$ - Ignoring InterruptException
2015-02-27 16:40:45,659 ERROR [Text Viewer Hover Presenter] - IScalaPresentationCompiler$ - Ignoring InterruptException
2015-02-27 16:41:01,566 ERROR [Text Viewer Hover Presenter] - IScalaPresentationCompiler$ - Ignoring InterruptException
2015-02-27 16:41:01,569 ERROR [Text Viewer Hover Presenter] - IScalaPresentationCompiler$ - Ignoring InterruptException
2015-02-27 16:41:52,441 ERROR [Text Viewer Hover Presenter] - IScalaPresentationCompiler$ - Ignoring InterruptException
2015-02-27 16:41:52,441 ERROR [Text Viewer Hover Presenter] - IScalaPresentationCompiler$ - Ignoring InterruptException
2015-02-27 16:41:52,441 ERROR [Text Viewer Hover Presenter] - IScalaPresentationCompiler$ - Ignoring InterruptException
2015-02-27 16:55:17,369 ERROR [Text Viewer Hover Presenter] - IScalaPresentationCompiler$ - Ignoring InterruptException
2015-02-27 16:55:17,620 ERROR [Text Viewer Hover Presenter] - IScalaPresentationCompiler$ - Ignoring InterruptException
2015-02-27 16:55:17,620 ERROR [Text Viewer Hover Presenter] - IScalaPresentationCompiler$ - Ignoring InterruptException
2015-02-27 16:55:17,620 ERROR [Text Viewer Hover Presenter] - IScalaPresentationCompiler$ - Ignoring InterruptException
2015-02-27 16:59:52,962 ERROR [Text Viewer Hover Presenter] - IScalaPresentationCompiler$ - Ignoring InterruptException
2015-02-27 16:59:53,036 ERROR [Text Viewer Hover Presenter] - IScalaPresentationCompiler$ - Ignoring InterruptException
2015-02-27 16:59:53,036 ERROR [Text Viewer Hover Presenter] - IScalaPresentationCompiler$ - Ignoring InterruptException
2015-02-27 16:59:53,037 ERROR [Text Viewer Hover Presenter] - IScalaPresentationCompiler$ - Ignoring InterruptException
2015-02-27 17:01:19,758 ERROR [Text Viewer Hover Presenter] - IScalaPresentationCompiler$ - Ignoring InterruptException
2015-02-27 17:01:19,758 ERROR [Text Viewer Hover Presenter] - IScalaPresentationCompiler$ - Ignoring InterruptException
2015-02-27 17:01:19,758 ERROR [Text Viewer Hover Presenter] - IScalaPresentationCompiler$ - Ignoring InterruptException
2015-02-27 17:02:04,498 ERROR [Text Viewer Hover Presenter] - IScalaPresentationCompiler$ - Ignoring InterruptException
2015-02-27 17:02:04,563 ERROR [Text Viewer Hover Presenter] - IScalaPresentationCompiler$ - Ignoring InterruptException
2015-02-27 17:02:04,563 ERROR [Text Viewer Hover Presenter] - IScalaPresentationCompiler$ - Ignoring InterruptException
2015-02-27 17:02:04,563 ERROR [Text Viewer Hover Presenter] - IScalaPresentationCompiler$ - Ignoring InterruptException
2015-02-27 17:11:53,822 ERROR [Text Viewer Hover Presenter] - IScalaPresentationCompiler$ - Ignoring InterruptException
2015-02-27 17:11:53,822 ERROR [Text Viewer Hover Presenter] - IScalaPresentationCompiler$ - Ignoring InterruptException
2015-02-27 17:11:53,822 ERROR [Text Viewer Hover Presenter] - IScalaPresentationCompiler$ - Ignoring InterruptException
2015-02-27 17:28:26,609 ERROR [Text Viewer Hover Presenter] - IScalaPresentationCompiler$ - Ignoring InterruptException
2015-02-27 17:28:26,609 ERROR [Text Viewer Hover Presenter] - IScalaPresentationCompiler$ - Ignoring InterruptException
2015-02-27 17:28:26,609 ERROR [Text Viewer Hover Presenter] - IScalaPresentationCompiler$ - Ignoring InterruptException
2015-03-05 08:27:14,255  WARN [main] - org.scala-ide.sdt.core - org.scala-ide.sdt.core - org.scala-ide.sdt.core - 0 - Preference scala.compiler.sourceLevel was uninitialized for scalashop, setting default to 2.11.
2015-03-05 08:27:14,257  WARN [main] - org.scala-ide.sdt.core - org.scala-ide.sdt.core - org.scala-ide.sdt.core - 0 - Preference scala.compiler.installation was uninitialized for scalashop, setting default to 2.11.
2015-03-05 08:31:28,384 ERROR [org.scalaide.ui.internal.reconciliation.ScalaReconciler] - System.err - Exception in thread "org.scalaide.ui.internal.reconciliation.ScalaReconciler"
2015-03-05 08:31:28,385 ERROR [org.scalaide.ui.internal.reconciliation.ScalaReconciler] - System.err - java.lang.NullPointerException
2015-03-05 08:31:28,386 ERROR [org.scalaide.ui.internal.reconciliation.ScalaReconciler] - System.err - at org.scalaide.ui.editor.DecoratedInteractiveEditor$class.annotationModel(DecoratedInteractiveEditor.scala:18)
2015-03-05 08:31:28,386 ERROR [org.scalaide.ui.internal.reconciliation.ScalaReconciler] - System.err - at org.scalaide.ui.editor.DecoratedInteractiveEditor$class.updateErrorAnnotations(DecoratedInteractiveEditor.scala:32)
2015-03-05 08:31:28,386 ERROR [org.scalaide.ui.internal.reconciliation.ScalaReconciler] - System.err - at org.scalaide.ui.internal.editor.ScalaSourceFileEditor.updateErrorAnnotations(ScalaSourceFileEditor.scala:62)
2015-03-05 08:31:28,386 ERROR [org.scalaide.ui.internal.reconciliation.ScalaReconciler] - System.err - at org.scalaide.ui.internal.reconciliation.ScalaReconcilingStrategy.reconcile(ScalaReconcilingStrategy.scala:53)
2015-03-05 08:31:28,386 ERROR [org.scalaide.ui.internal.reconciliation.ScalaReconciler] - System.err - at org.eclipse.jdt.internal.ui.text.CompositeReconcilingStrategy.reconcile(CompositeReconcilingStrategy.java:86)
2015-03-05 08:31:28,386 ERROR [org.scalaide.ui.internal.reconciliation.ScalaReconciler] - System.err - at org.eclipse.jface.text.reconciler.MonoReconciler.process(MonoReconciler.java:77)
2015-03-05 08:31:28,386 ERROR [org.scalaide.ui.internal.reconciliation.ScalaReconciler] - System.err - at org.eclipse.jface.text.reconciler.AbstractReconciler$BackgroundThread.run(AbstractReconciler.java:206)
2015-03-05 08:31:29,694 ERROR [org.scalaide.ui.internal.reconciliation.ScalaReconciler] - System.err - Exception in thread "org.scalaide.ui.internal.reconciliation.ScalaReconciler"
2015-03-05 08:31:29,694 ERROR [org.scalaide.ui.internal.reconciliation.ScalaReconciler] - System.err - java.lang.NullPointerException
2015-03-05 08:31:29,694 ERROR [org.scalaide.ui.internal.reconciliation.ScalaReconciler] - System.err - at org.scalaide.ui.editor.DecoratedInteractiveEditor$class.annotationModel(DecoratedInteractiveEditor.scala:18)
2015-03-05 08:31:29,694 ERROR [org.scalaide.ui.internal.reconciliation.ScalaReconciler] - System.err - at org.scalaide.ui.editor.DecoratedInteractiveEditor$class.updateErrorAnnotations(DecoratedInteractiveEditor.scala:32)
2015-03-05 08:31:29,694 ERROR [org.scalaide.ui.internal.reconciliation.ScalaReconciler] - System.err - at org.scalaide.ui.internal.editor.ScalaSourceFileEditor.updateErrorAnnotations(ScalaSourceFileEditor.scala:62)
2015-03-05 08:31:29,694 ERROR [org.scalaide.ui.internal.reconciliation.ScalaReconciler] - System.err - at org.scalaide.ui.internal.reconciliation.ScalaReconcilingStrategy.reconcile(ScalaReconcilingStrategy.scala:53)
2015-03-05 08:31:29,694 ERROR [org.scalaide.ui.internal.reconciliation.ScalaReconciler] - System.err - at org.eclipse.jdt.internal.ui.text.CompositeReconcilingStrategy.reconcile(CompositeReconcilingStrategy.java:86)
2015-03-05 08:31:29,694 ERROR [org.scalaide.ui.internal.reconciliation.ScalaReconciler] - System.err - at org.eclipse.jface.text.reconciler.MonoReconciler.process(MonoReconciler.java:77)
2015-03-05 08:31:29,694 ERROR [org.scalaide.ui.internal.reconciliation.ScalaReconciler] - System.err - at org.eclipse.jface.text.reconciler.AbstractReconciler$BackgroundThread.run(AbstractReconciler.java:206)
2015-03-05 08:31:35,476  WARN [main] - ImplicitHighlightingPresenter - Timeout while waiting for `askLoadedTyped` during semantic highlighting.
2015-03-05 08:47:13,086  WARN [main] - org.scala-ide.sdt.core - org.scala-ide.sdt.core - org.scala-ide.sdt.core - 0 - Preference scala.compiler.sourceLevel was uninitialized for reductions, setting default to 2.11.
2015-03-05 08:47:13,087  WARN [main] - org.scala-ide.sdt.core - org.scala-ide.sdt.core - org.scala-ide.sdt.core - 0 - Preference scala.compiler.installation was uninitialized for reductions, setting default to 2.11.
2015-03-05 08:51:57,022 ERROR [Text Viewer Hover Presenter] - IScalaPresentationCompiler$ - Ignoring InterruptException
2015-03-05 08:51:57,260 ERROR [Text Viewer Hover Presenter] - IScalaPresentationCompiler$ - Ignoring InterruptException
2015-03-05 08:51:57,260 ERROR [Text Viewer Hover Presenter] - IScalaPresentationCompiler$ - Ignoring InterruptException
2015-03-05 08:51:57,260 ERROR [Text Viewer Hover Presenter] - IScalaPresentationCompiler$ - Ignoring InterruptException
2015-03-05 09:00:03,873 ERROR [Text Viewer Hover Presenter] - IScalaPresentationCompiler$ - Ignoring InterruptException
2015-03-05 09:00:03,957 ERROR [Text Viewer Hover Presenter] - IScalaPresentationCompiler$ - Ignoring InterruptException
2015-03-05 09:00:03,957 ERROR [Text Viewer Hover Presenter] - IScalaPresentationCompiler$ - Ignoring InterruptException
2015-03-05 09:00:03,957 ERROR [Text Viewer Hover Presenter] - IScalaPresentationCompiler$ - Ignoring InterruptException
2015-03-05 09:03:08,140 ERROR [Text Viewer Hover Presenter] - IScalaPresentationCompiler$ - Ignoring InterruptException
2015-03-05 09:03:08,140 ERROR [Text Viewer Hover Presenter] - IScalaPresentationCompiler$ - Ignoring InterruptException
2015-03-05 09:03:08,140 ERROR [Text Viewer Hover Presenter] - IScalaPresentationCompiler$ - Ignoring InterruptException
2015-03-05 09:45:26,360 ERROR [Text Viewer Hover Presenter] - IScalaPresentationCompiler$ - Ignoring InterruptException
2015-03-05 09:45:26,360 ERROR [Text Viewer Hover Presenter] - IScalaPresentationCompiler$ - Ignoring InterruptException
2015-03-05 09:45:26,361 ERROR [Text Viewer Hover Presenter] - IScalaPresentationCompiler$ - Ignoring InterruptException
2015-03-05 09:47:54,580 ERROR [Worker-20] - System.err - SLF4J: Failed to load class "org.slf4j.impl.StaticLoggerBinder".
2015-03-05 09:47:54,580 ERROR [Worker-20] - System.err - SLF4J: Defaulting to no-operation (NOP) logger implementation
2015-03-05 09:47:54,580 ERROR [Worker-20] - System.err - SLF4J: See http://www.slf4j.org/codes.html#StaticLoggerBinder for further details.
2015-03-05 09:55:13,820 ERROR [main] - org.scala-ide.sdt.core - org.scala-ide.sdt.core - org.scala-ide.sdt.core - 0 - Throwable during asyncExec
scala.tools.nsc.interactive.FreshRunReq
2015-03-05 09:55:13,844 ERROR [main] - org.scala-ide.sdt.core - org.scala-ide.sdt.core - org.scala-ide.sdt.core - 0 - Incorrectly logged ControlThrowable: FreshRunReq(null)
scala.tools.nsc.interactive.FreshRunReq
2015-03-05 10:04:21,518 ERROR [Text Viewer Hover Presenter] - IScalaPresentationCompiler$ - Ignoring InterruptException
2015-03-05 10:04:21,622 ERROR [Text Viewer Hover Presenter] - IScalaPresentationCompiler$ - Ignoring InterruptException
2015-03-05 10:04:21,622 ERROR [Text Viewer Hover Presenter] - IScalaPresentationCompiler$ - Ignoring InterruptException
2015-03-05 10:04:21,622 ERROR [Text Viewer Hover Presenter] - IScalaPresentationCompiler$ - Ignoring InterruptException
2015-03-05 16:27:23,778 ERROR [Text Viewer Hover Presenter] - IScalaPresentationCompiler$ - Ignoring InterruptException
2015-03-05 16:27:23,778 ERROR [Text Viewer Hover Presenter] - IScalaPresentationCompiler$ - Ignoring InterruptException
2015-03-05 16:27:23,779 ERROR [Text Viewer Hover Presenter] - IScalaPresentationCompiler$ - Ignoring InterruptException
2015-03-05 16:33:03,202 ERROR [Text Viewer Hover Presenter] - IScalaPresentationCompiler$ - Ignoring InterruptException
2015-03-05 16:33:03,202 ERROR [Text Viewer Hover Presenter] - IScalaPresentationCompiler$ - Ignoring InterruptException
2015-03-05 16:33:03,202 ERROR [Text Viewer Hover Presenter] - IScalaPresentationCompiler$ - Ignoring InterruptException
2015-03-05 18:12:05,496 ERROR [Worker-96] - ProgramExecutor$ - Worksheet process has terminated unexpectedly (exit value 1
At the time of termination, the following text was available in the output streams:
Standard output:
  
Standard error:
  Erreur : la méthode principale est introuvable dans la classe scalashop.teste, définissez la méthode principale comme suit :
   public static void main(String[] args)


2015-03-05 18:28:31,428 ERROR [Text Viewer Hover Presenter] - IScalaPresentationCompiler$ - Ignoring InterruptException
2015-03-05 18:28:31,437 ERROR [Text Viewer Hover Presenter] - IScalaPresentationCompiler$ - Ignoring InterruptException
2015-03-05 18:28:31,437 ERROR [Text Viewer Hover Presenter] - IScalaPresentationCompiler$ - Ignoring InterruptException
2015-03-06 09:36:18,508 ERROR [Text Viewer Hover Presenter] - IScalaPresentationCompiler$ - Ignoring InterruptException
2015-03-06 09:36:18,509 ERROR [Text Viewer Hover Presenter] - IScalaPresentationCompiler$ - Ignoring InterruptException
2015-03-07 14:54:19,968 ERROR [Text Viewer Hover Presenter] - IScalaPresentationCompiler$ - Ignoring InterruptException
2015-03-07 14:54:19,976 ERROR [Text Viewer Hover Presenter] - IScalaPresentationCompiler$ - Ignoring InterruptException
2015-03-07 14:54:19,976 ERROR [Text Viewer Hover Presenter] - IScalaPresentationCompiler$ - Ignoring InterruptException
2015-03-07 15:06:41,577 ERROR [Text Viewer Hover Presenter] - IScalaPresentationCompiler$ - Ignoring InterruptException
2015-03-07 15:06:41,686 ERROR [Text Viewer Hover Presenter] - IScalaPresentationCompiler$ - Ignoring InterruptException
2015-03-07 15:06:41,687 ERROR [Text Viewer Hover Presenter] - IScalaPresentationCompiler$ - Ignoring InterruptException
2015-03-07 15:06:41,687 ERROR [Text Viewer Hover Presenter] - IScalaPresentationCompiler$ - Ignoring InterruptException
2015-03-07 15:13:31,287 ERROR [Text Viewer Hover Presenter] - IScalaPresentationCompiler$ - Ignoring InterruptException
2015-03-07 15:13:31,287 ERROR [Text Viewer Hover Presenter] - IScalaPresentationCompiler$ - Ignoring InterruptException
2015-03-07 15:13:31,287 ERROR [Text Viewer Hover Presenter] - IScalaPresentationCompiler$ - Ignoring InterruptException
2015-03-07 15:27:34,755 ERROR [Text Viewer Hover Presenter] - IScalaPresentationCompiler$ - Ignoring InterruptException
2015-03-07 15:27:34,755 ERROR [Text Viewer Hover Presenter] - IScalaPresentationCompiler$ - Ignoring InterruptException
2015-03-07 15:27:34,755 ERROR [Text Viewer Hover Presenter] - IScalaPresentationCompiler$ - Ignoring InterruptException
2015-03-07 15:46:53,394 ERROR [Text Viewer Hover Presenter] - IScalaPresentationCompiler$ - Ignoring InterruptException
2015-03-07 15:46:53,713 ERROR [Text Viewer Hover Presenter] - IScalaPresentationCompiler$ - Ignoring InterruptException
2015-03-07 15:46:53,713 ERROR [Text Viewer Hover Presenter] - IScalaPresentationCompiler$ - Ignoring InterruptException
2015-03-07 15:46:53,713 ERROR [Text Viewer Hover Presenter] - IScalaPresentationCompiler$ - Ignoring InterruptException
2015-03-07 15:47:54,764 ERROR [Text Viewer Hover Presenter] - IScalaPresentationCompiler$ - Ignoring InterruptException
2015-03-07 15:47:54,764 ERROR [Text Viewer Hover Presenter] - IScalaPresentationCompiler$ - Ignoring InterruptException
2015-03-07 15:47:54,764 ERROR [Text Viewer Hover Presenter] - IScalaPresentationCompiler$ - Ignoring InterruptException
2015-03-07 15:54:06,393 ERROR [Text Viewer Hover Presenter] - IScalaPresentationCompiler$ - Ignoring InterruptException
2015-03-07 15:54:06,400 ERROR [Text Viewer Hover Presenter] - IScalaPresentationCompiler$ - Ignoring InterruptException
2015-03-07 15:54:06,400 ERROR [Text Viewer Hover Presenter] - IScalaPresentationCompiler$ - Ignoring InterruptException
2015-03-07 16:17:26,446 ERROR [Text Viewer Hover Presenter] - IScalaPresentationCompiler$ - Ignoring InterruptException
2015-03-07 16:17:26,455 ERROR [Text Viewer Hover Presenter] - IScalaPresentationCompiler$ - Ignoring InterruptException
2015-03-07 16:17:26,455 ERROR [Text Viewer Hover Presenter] - IScalaPresentationCompiler$ - Ignoring InterruptException
2015-03-07 18:33:41,291 ERROR [Text Viewer Hover Presenter] - IScalaPresentationCompiler$ - Ignoring InterruptException
2015-03-07 18:33:41,291 ERROR [Text Viewer Hover Presenter] - IScalaPresentationCompiler$ - Ignoring InterruptException
2015-03-07 18:33:41,291 ERROR [Text Viewer Hover Presenter] - IScalaPresentationCompiler$ - Ignoring InterruptException
2015-03-07 18:44:47,197 ERROR [Text Viewer Hover Presenter] - IScalaPresentationCompiler$ - Ignoring InterruptException
2015-03-07 18:44:47,197 ERROR [Text Viewer Hover Presenter] - IScalaPresentationCompiler$ - Ignoring InterruptException
2015-03-07 18:44:47,197 ERROR [Text Viewer Hover Presenter] - IScalaPresentationCompiler$ - Ignoring InterruptException
2015-03-07 18:49:20,704 ERROR [Text Viewer Hover Presenter] - IScalaPresentationCompiler$ - Ignoring InterruptException
2015-03-07 18:49:20,704 ERROR [Text Viewer Hover Presenter] - IScalaPresentationCompiler$ - Ignoring InterruptException
2015-03-07 18:49:20,704 ERROR [Text Viewer Hover Presenter] - IScalaPresentationCompiler$ - Ignoring InterruptException
2015-03-07 18:51:51,063 ERROR [Text Viewer Hover Presenter] - IScalaPresentationCompiler$ - Ignoring InterruptException
2015-03-07 18:51:51,063 ERROR [Text Viewer Hover Presenter] - IScalaPresentationCompiler$ - Ignoring InterruptException
2015-03-07 18:51:51,063 ERROR [Text Viewer Hover Presenter] - IScalaPresentationCompiler$ - Ignoring InterruptException
2015-03-07 19:07:41,189 ERROR [Text Viewer Hover Presenter] - IScalaPresentationCompiler$ - Ignoring InterruptException
2015-03-07 19:07:41,189 ERROR [Text Viewer Hover Presenter] - IScalaPresentationCompiler$ - Ignoring InterruptException
2015-03-07 19:07:41,189 ERROR [Text Viewer Hover Presenter] - IScalaPresentationCompiler$ - Ignoring InterruptException
2015-03-07 19:07:44,299 ERROR [Text Viewer Hover Presenter] - IScalaPresentationCompiler$ - Ignoring InterruptException
2015-03-07 19:07:44,299 ERROR [Text Viewer Hover Presenter] - IScalaPresentationCompiler$ - Ignoring InterruptException
2015-03-07 19:07:44,300 ERROR [Text Viewer Hover Presenter] - IScalaPresentationCompiler$ - Ignoring InterruptException
2015-03-07 19:13:41,736 ERROR [Text Viewer Hover Presenter] - IScalaPresentationCompiler$ - Ignoring InterruptException
2015-03-07 19:13:41,737 ERROR [Text Viewer Hover Presenter] - IScalaPresentationCompiler$ - Ignoring InterruptException
2015-03-07 19:13:41,737 ERROR [Text Viewer Hover Presenter] - IScalaPresentationCompiler$ - Ignoring InterruptException
2015-03-07 19:18:06,739 ERROR [main] - org.scala-ide.sdt.core - org.scala-ide.sdt.core - org.scala-ide.sdt.core - 0 - Throwable during asyncExec
scala.tools.nsc.interactive.FreshRunReq
2015-03-07 19:18:06,740 ERROR [main] - org.scala-ide.sdt.core - org.scala-ide.sdt.core - org.scala-ide.sdt.core - 0 - Incorrectly logged ControlThrowable: FreshRunReq(null)
scala.tools.nsc.interactive.FreshRunReq
2015-03-12 08:21:45,834  WARN [main] - org.scala-ide.sdt.core - org.scala-ide.sdt.core - org.scala-ide.sdt.core - 0 - Preference scala.compiler.sourceLevel was uninitialized for reductions, setting default to 2.11.
2015-03-12 08:21:45,836  WARN [main] - org.scala-ide.sdt.core - org.scala-ide.sdt.core - org.scala-ide.sdt.core - 0 - Preference scala.compiler.installation was uninitialized for reductions, setting default to 2.11.
2015-03-12 18:20:48,304 ERROR [main] - org.scala-ide.sdt.core - org.scala-ide.sdt.core - org.scala-ide.sdt.core - 0 - Throwable during asyncExec
java.lang.NullPointerException
	at scala.reflect.internal.Definitions$DefinitionsClass.isByNameParamType(Definitions.scala:377)
	at scala.reflect.internal.TreeInfo.isStableIdent(TreeInfo.scala:130)
	at scala.reflect.internal.TreeInfo.isStableIdentifier(TreeInfo.scala:105)
	at scala.reflect.internal.TreeInfo.isPath(TreeInfo.scala:95)
	at scala.reflect.internal.TreeInfo.admitsTypeSelection(TreeInfo.scala:147)
	at scala.tools.nsc.interactive.Global.stabilizedType(Global.scala:961)
	at scala.tools.nsc.interactive.Global.typedTreeAt(Global.scala:810)
	at scala.tools.nsc.interactive.Global$$anonfun$getTypedTreeAt$1.apply(Global.scala:840)
	at scala.tools.nsc.interactive.Global$$anonfun$getTypedTreeAt$1.apply(Global.scala:840)
	at scala.tools.nsc.interactive.Global$$anonfun$respond$1.apply(Global.scala:699)
	at scala.tools.nsc.interactive.Global$$anonfun$respond$1.apply(Global.scala:699)
	at scala.tools.nsc.interactive.Global.respondGradually(Global.scala:706)
	at scala.tools.nsc.interactive.Global.respond(Global.scala:699)
	at scala.tools.nsc.interactive.Global.getTypedTreeAt(Global.scala:840)
	at scala.tools.nsc.interactive.CompilerControl$AskTypeAtItem.apply$mcV$sp(CompilerControl.scala:326)
	at scala.tools.nsc.interactive.Global$$anonfun$pollForWork$1.apply$mcV$sp(Global.scala:504)
	at scala.util.control.Breaks.breakable(Breaks.scala:38)
	at scala.tools.nsc.interactive.Global.pollForWork(Global.scala:429)
	at scala.tools.nsc.interactive.Global.checkForMoreWork(Global.scala:518)
	at scala.tools.nsc.interactive.Global.signalParseProgress(Global.scala:329)
	at scala.tools.nsc.ast.parser.Parsers$Parser.funDefRest(Parsers.scala:2619)
	at scala.tools.nsc.ast.parser.Parsers$Parser.funDefOrDcl(Parsers.scala:2576)
	at scala.tools.nsc.ast.parser.Parsers$Parser.defOrDcl(Parsers.scala:2461)
	at scala.tools.nsc.ast.parser.Parsers$Parser.nonLocalDefOrDcl(Parsers.scala:2473)
	at scala.tools.nsc.ast.parser.Parsers$Parser$$anonfun$templateStat$1$$anonfun$applyOrElse$3.apply(Parsers.scala:3030)
	at scala.tools.nsc.ast.parser.Parsers$Parser$$anonfun$templateStat$1$$anonfun$applyOrElse$3.apply(Parsers.scala:3030)
	at scala.tools.nsc.doc.ScaladocSyntaxAnalyzer$ScaladocUnitParser.joinComment(ScaladocAnalyzer.scala:259)
	at scala.tools.nsc.ast.parser.Parsers$Parser$$anonfun$templateStat$1.applyOrElse(Parsers.scala:3030)
	at scala.tools.nsc.ast.parser.Parsers$Parser$$anonfun$templateStat$1.applyOrElse(Parsers.scala:3025)
	at scala.tools.nsc.ast.parser.Parsers$Parser.statSeq(Parsers.scala:2957)
	at scala.tools.nsc.ast.parser.Parsers$Parser.templateStats(Parsers.scala:3024)
	at scala.tools.nsc.ast.parser.Parsers$Parser$$anonfun$templateStatSeq$1.apply(Parsers.scala:3011)
	at scala.tools.nsc.ast.parser.Parsers$Parser$$anonfun$templateStatSeq$1.apply(Parsers.scala:2988)
	at scala.tools.nsc.ast.parser.Parsers$Parser.checkNoEscapingPlaceholders(Parsers.scala:462)
	at scala.tools.nsc.ast.parser.Parsers$Parser.templateStatSeq(Parsers.scala:2988)
	at scala.tools.nsc.ast.parser.Parsers$Parser.templateBody(Parsers.scala:2917)
	at scala.tools.nsc.ast.parser.Parsers$Parser.templateBodyOpt(Parsers.scala:2924)
	at scala.tools.nsc.ast.parser.Parsers$Parser.templateOpt(Parsers.scala:2888)
	at scala.tools.nsc.ast.parser.Parsers$Parser.objectDef(Parsers.scala:2773)
	at scala.tools.nsc.ast.parser.Parsers$Parser.tmplDef(Parsers.scala:2712)
	at scala.tools.nsc.ast.parser.Parsers$Parser.topLevelTmplDef(Parsers.scala:2693)
	at scala.tools.nsc.ast.parser.Parsers$Parser$$anonfun$topStat$1$$anonfun$applyOrElse$2.apply(Parsers.scala:2980)
	at scala.tools.nsc.ast.parser.Parsers$Parser$$anonfun$topStat$1$$anonfun$applyOrElse$2.apply(Parsers.scala:2980)
	at scala.tools.nsc.doc.ScaladocSyntaxAnalyzer$ScaladocUnitParser.joinComment(ScaladocAnalyzer.scala:259)
	at scala.tools.nsc.ast.parser.Parsers$Parser$$anonfun$topStat$1.applyOrElse(Parsers.scala:2980)
	at scala.tools.nsc.ast.parser.Parsers$Parser$$anonfun$topStat$1.applyOrElse(Parsers.scala:2973)
	at scala.tools.nsc.ast.parser.Parsers$Parser.statSeq(Parsers.scala:2957)
	at scala.tools.nsc.ast.parser.Parsers$Parser.topStatSeq(Parsers.scala:2972)
	at scala.tools.nsc.ast.parser.Parsers$Parser$$anonfun$compilationUnit$1.topstats$1(Parsers.scala:3170)
	at scala.tools.nsc.ast.parser.Parsers$Parser$$anonfun$compilationUnit$1.topstats$1(Parsers.scala:3162)
	at scala.tools.nsc.ast.parser.Parsers$Parser$$anonfun$compilationUnit$1.apply(Parsers.scala:3176)
	at scala.tools.nsc.ast.parser.Parsers$Parser$$anonfun$compilationUnit$1.apply(Parsers.scala:3138)
	at scala.tools.nsc.ast.parser.Parsers$Parser.checkNoEscapingPlaceholders(Parsers.scala:462)
	at scala.tools.nsc.ast.parser.Parsers$Parser.compilationUnit(Parsers.scala:3138)
	at scala.tools.nsc.ast.parser.Parsers$SourceFileParser$$anonfun$parseStartRule$1.apply(Parsers.scala:146)
	at scala.tools.nsc.ast.parser.Parsers$SourceFileParser$$anonfun$parseStartRule$1.apply(Parsers.scala:146)
	at scala.tools.nsc.ast.parser.Parsers$Parser$$anonfun$parse$1.apply(Parsers.scala:352)
	at scala.tools.nsc.ast.parser.Parsers$Parser$$anonfun$parse$1.apply(Parsers.scala:352)
	at scala.tools.nsc.ast.parser.Parsers$Parser.parseRule(Parsers.scala:345)
	at scala.tools.nsc.ast.parser.Parsers$Parser.parse(Parsers.scala:352)
	at scala.tools.nsc.ast.parser.Parsers$UnitParser.smartParse(Parsers.scala:241)
	at scala.tools.nsc.ast.parser.SyntaxAnalyzer.scala$tools$nsc$ast$parser$SyntaxAnalyzer$$initialUnitBody(SyntaxAnalyzer.scala:87)
	at scala.tools.nsc.ast.parser.SyntaxAnalyzer$ParserPhase.apply(SyntaxAnalyzer.scala:99)
	at scala.tools.nsc.Global$GlobalPhase$$anonfun$applyPhase$1.apply$mcV$sp(Global.scala:441)
	at scala.tools.nsc.Global$GlobalPhase.withCurrentUnit(Global.scala:432)
	at scala.tools.nsc.Global$GlobalPhase.applyPhase(Global.scala:441)
	at scala.tools.nsc.Global$Run$$anonfun$compileLate$2$$anonfun$apply$1.apply(Global.scala:1607)
	at scala.tools.nsc.Global$Run$$anonfun$compileLate$2$$anonfun$apply$1.apply(Global.scala:1607)
	at scala.reflect.internal.SymbolTable.enteringPhase(SymbolTable.scala:235)
	at scala.tools.nsc.Global$Run$$anonfun$compileLate$2.apply(Global.scala:1607)
	at scala.tools.nsc.Global$Run$$anonfun$compileLate$2.apply(Global.scala:1606)
	at scala.collection.Iterator$class.foreach(Iterator.scala:750)
	at scala.collection.AbstractIterator.foreach(Iterator.scala:1202)
	at scala.tools.nsc.Global$Run.compileLate(Global.scala:1606)
	at scala.tools.nsc.interactive.Global.scala$tools$nsc$interactive$Global$$parseAndEnter(Global.scala:656)
	at scala.tools.nsc.interactive.Global.backgroundCompile(Global.scala:562)
	at scala.tools.nsc.interactive.PresentationCompilerThread.run(PresentationCompilerThread.scala:25)
2015-03-12 18:33:06,328 ERROR [Text Viewer Hover Presenter] - IScalaPresentationCompiler$ - Ignoring InterruptException
2015-03-12 18:34:07,654 ERROR [Text Viewer Hover Presenter] - IScalaPresentationCompiler$ - Ignoring InterruptException
2015-03-12 18:34:07,655 ERROR [Text Viewer Hover Presenter] - IScalaPresentationCompiler$ - Ignoring InterruptException
2015-03-12 18:34:07,655 ERROR [Text Viewer Hover Presenter] - IScalaPresentationCompiler$ - Ignoring InterruptException
2015-03-12 18:43:13,583  WARN [ModalContext] - ScalaProject - Project kmeans has platform default sourceLevel.
2015-03-12 18:43:13,584  WARN [ModalContext] - ScalaProject - Project kmeans runs on platform default installation.
